[ 2016-10-21T09:57:34+08:00 ] 127.0.0.1 /izobs/index.php
INFO: [ app_init ] --START--
INFO: Run Behavior\BuildLiteBehavior [ RunTime:0.000081s ]
INFO: [ app_init ] --END-- [ RunTime:0.040107s ]
INFO: [ app_begin ] --START--
INFO: Run Behavior\ReadHtmlCacheBehavior [ RunTime:0.046701s ]
INFO: [ app_begin ] --END-- [ RunTime:0.047032s ]
ERR: 模板不存在:App/Home/View/./add.html.html

[ 2016-10-21T09:57:54+08:00 ] ::1 /izobs/index.php
INFO: [ app_init ] --START--
INFO: Run Behavior\BuildLiteBehavior [ RunTime:0.000074s ]
INFO: [ app_init ] --END-- [ RunTime:0.001422s ]
INFO: [ app_begin ] --START--
INFO: Run Behavior\ReadHtmlCacheBehavior [ RunTime:0.002414s ]
INFO: [ app_begin ] --END-- [ RunTime:0.002728s ]
ERR: 模板不存在:App/Home/View/./add.html.html

[ 2016-10-21T09:58:53+08:00 ] ::1 /izobs/index.php
INFO: [ app_init ] --START--
INFO: Run Behavior\BuildLiteBehavior [ RunTime:0.000070s ]
INFO: [ app_init ] --END-- [ RunTime:0.001640s ]
INFO: [ app_begin ] --START--
INFO: Run Behavior\ReadHtmlCacheBehavior [ RunTime:0.002608s ]
INFO: [ app_begin ] --END-- [ RunTime:0.002944s ]
ERR: 模板不存在:App/Home/View/Index/index.html

[ 2016-10-21T10:00:39+08:00 ] ::1 /izobs/index.php
INFO: [ app_init ] --START--
INFO: Run Behavior\BuildLiteBehavior [ RunTime:0.000076s ]
INFO: [ app_init ] --END-- [ RunTime:0.001900s ]
INFO: [ app_begin ] --START--
INFO: Run Behavior\ReadHtmlCacheBehavior [ RunTime:0.002738s ]
INFO: [ app_begin ] --END-- [ RunTime:0.003079s ]
ERR: 新增失败

[ 2016-10-21T10:01:13+08:00 ] ::1 /izobs/index.php
INFO: [ app_init ] --START--
INFO: Run Behavior\BuildLiteBehavior [ RunTime:0.000065s ]
INFO: [ app_init ] --END-- [ RunTime:0.001393s ]
INFO: [ app_begin ] --START--
INFO: Run Behavior\ReadHtmlCacheBehavior [ RunTime:0.002558s ]
INFO: [ app_begin ] --END-- [ RunTime:0.002857s ]
INFO: [ app_end ] --START--
INFO: Run Behavior\ShowPageTraceBehavior [ RunTime:0.038325s ]
INFO: [ app_end ] --END-- [ RunTime:0.038606s ]

[ 2016-10-21T10:04:30+08:00 ] ::1 /izobs/index.php
INFO: [ app_init ] --START--
INFO: Run Behavior\BuildLiteBehavior [ RunTime:0.000070s ]
INFO: [ app_init ] --END-- [ RunTime:0.002378s ]
INFO: [ app_begin ] --START--
INFO: Run Behavior\ReadHtmlCacheBehavior [ RunTime:0.013566s ]
INFO: [ app_begin ] --END-- [ RunTime:0.013897s ]
ERR: 模板不存在:App/Home/View/App/App/View/Public/menu.html.html

[ 2016-10-21T10:04:53+08:00 ] ::1 /izobs/index.php
INFO: [ app_init ] --START--
INFO: Run Behavior\BuildLiteBehavior [ RunTime:0.000066s ]
INFO: [ app_init ] --END-- [ RunTime:0.001222s ]
INFO: [ app_begin ] --START--
INFO: Run Behavior\ReadHtmlCacheBehavior [ RunTime:0.001645s ]
INFO: [ app_begin ] --END-- [ RunTime:0.001909s ]
ERR: 模板不存在:App/Home/View/App/Home/View/Public/menu.html.html

[ 2016-10-21T10:05:40+08:00 ] ::1 /izobs/index.php
INFO: [ app_init ] --START--
INFO: Run Behavior\BuildLiteBehavior [ RunTime:0.000068s ]
INFO: [ app_init ] --END-- [ RunTime:0.001275s ]
INFO: [ app_begin ] --START--
INFO: Run Behavior\ReadHtmlCacheBehavior [ RunTime:0.002664s ]
INFO: [ app_begin ] --END-- [ RunTime:0.003047s ]
INFO: [ view_parse ] --START--
INFO: [ template_filter ] --START--
INFO: Run Behavior\ContentReplaceBehavior [ RunTime:0.000163s ]
INFO: [ template_filter ] --END-- [ RunTime:0.000426s ]
INFO: Run Behavior\ParseTemplateBehavior [ RunTime:0.368563s ]
INFO: [ view_parse ] --END-- [ RunTime:0.368954s ]
INFO: [ view_filter ] --START--
INFO: Run Behavior\WriteHtmlCacheBehavior [ RunTime:0.038842s ]
INFO: [ view_filter ] --END-- [ RunTime:0.040273s ]
INFO: [ app_end ] --START--
INFO: Run Behavior\ShowPageTraceBehavior [ RunTime:0.003659s ]
INFO: [ app_end ] --END-- [ RunTime:0.004025s ]

[ 2016-10-21T10:07:36+08:00 ] ::1 /izobs/index.php
INFO: [ app_init ] --START--
INFO: Run Behavior\BuildLiteBehavior [ RunTime:0.000074s ]
INFO: [ app_init ] --END-- [ RunTime:0.002573s ]
INFO: [ app_begin ] --START--
INFO: Run Behavior\ReadHtmlCacheBehavior [ RunTime:0.002505s ]
INFO: [ app_begin ] --END-- [ RunTime:0.002826s ]
INFO: [ view_parse ] --START--
INFO: [ template_filter ] --START--
INFO: Run Behavior\ContentReplaceBehavior [ RunTime:0.000546s ]
INFO: [ template_filter ] --END-- [ RunTime:0.001943s ]
INFO: Run Behavior\ParseTemplateBehavior [ RunTime:0.051973s ]
INFO: [ view_parse ] --END-- [ RunTime:0.052359s ]
INFO: [ view_filter ] --START--
INFO: Run Behavior\WriteHtmlCacheBehavior [ RunTime:0.001105s ]
INFO: [ view_filter ] --END-- [ RunTime:0.001394s ]
ERR: 模板不存在:App/Home/View/App/Home/View/menu/index.html.html

[ 2016-10-21T10:14:14+08:00 ] ::1 /izobs/index.php
INFO: [ app_init ] --START--
INFO: Run Behavior\BuildLiteBehavior [ RunTime:0.000067s ]
INFO: [ app_init ] --END-- [ RunTime:0.001393s ]
INFO: [ app_begin ] --START--
INFO: Run Behavior\ReadHtmlCacheBehavior [ RunTime:0.002871s ]
INFO: [ app_begin ] --END-- [ RunTime:0.003179s ]
INFO: [ view_parse ] --START--
INFO: [ template_filter ] --START--
INFO: Run Behavior\ContentReplaceBehavior [ RunTime:0.000149s ]
INFO: [ template_filter ] --END-- [ RunTime:0.000437s ]
INFO: Run Behavior\ParseTemplateBehavior [ RunTime:0.073625s ]
INFO: [ view_parse ] --END-- [ RunTime:0.073953s ]
INFO: [ view_filter ] --START--
INFO: Run Behavior\WriteHtmlCacheBehavior [ RunTime:0.002234s ]
INFO: [ view_filter ] --END-- [ RunTime:0.002500s ]
INFO: [ app_end ] --START--
INFO: Run Behavior\ShowPageTraceBehavior [ RunTime:0.002392s ]
INFO: [ app_end ] --END-- [ RunTime:0.002675s ]

[ 2016-10-21T10:16:27+08:00 ] ::1 /izobs/index.php
INFO: [ app_init ] --START--
INFO: Run Behavior\BuildLiteBehavior [ RunTime:0.000064s ]
INFO: [ app_init ] --END-- [ RunTime:0.001361s ]
INFO: [ app_begin ] --START--
INFO: Run Behavior\ReadHtmlCacheBehavior [ RunTime:0.003444s ]
INFO: [ app_begin ] --END-- [ RunTime:0.003805s ]
NOTIC: [8] Use of undefined constant name - assumed 'name' D:\phpStudy\WWW\izobs\App\Home\Controller\IndexController.class.php 第 12 行.
ERR: Think\Controller:assgin方法不存在！

[ 2016-10-21T10:16:56+08:00 ] ::1 /izobs/index.php
INFO: [ app_init ] --START--
INFO: Run Behavior\BuildLiteBehavior [ RunTime:0.000071s ]
INFO: [ app_init ] --END-- [ RunTime:0.001557s ]
INFO: [ app_begin ] --START--
INFO: Run Behavior\ReadHtmlCacheBehavior [ RunTime:0.002321s ]
INFO: [ app_begin ] --END-- [ RunTime:0.002646s ]
INFO: [ view_parse ] --START--
INFO: [ template_filter ] --START--
INFO: Run Behavior\ContentReplaceBehavior [ RunTime:0.000148s ]
INFO: [ template_filter ] --END-- [ RunTime:0.000414s ]
INFO: Run Behavior\ParseTemplateBehavior [ RunTime:0.047930s ]
INFO: [ view_parse ] --END-- [ RunTime:0.048241s ]
INFO: [ view_filter ] --START--
INFO: Run Behavior\WriteHtmlCacheBehavior [ RunTime:0.001465s ]
INFO: [ view_filter ] --END-- [ RunTime:0.001717s ]
INFO: [ app_end ] --START--
INFO: Run Behavior\ShowPageTraceBehavior [ RunTime:0.002307s ]
INFO: [ app_end ] --END-- [ RunTime:0.002599s ]

[ 2016-10-21T10:17:45+08:00 ] ::1 /izobs/index.php
INFO: [ app_init ] --START--
INFO: Run Behavior\BuildLiteBehavior [ RunTime:0.000061s ]
INFO: [ app_init ] --END-- [ RunTime:0.001140s ]
INFO: [ app_begin ] --START--
INFO: Run Behavior\ReadHtmlCacheBehavior [ RunTime:0.001661s ]
INFO: [ app_begin ] --END-- [ RunTime:0.001963s ]
ERR: Think\Controller:assgin方法不存在！

[ 2016-10-21T10:18:07+08:00 ] ::1 /izobs/index.php
INFO: [ app_init ] --START--
INFO: Run Behavior\BuildLiteBehavior [ RunTime:0.000064s ]
INFO: [ app_init ] --END-- [ RunTime:0.001162s ]
INFO: [ app_begin ] --START--
INFO: Run Behavior\ReadHtmlCacheBehavior [ RunTime:0.001765s ]
INFO: [ app_begin ] --END-- [ RunTime:0.002075s ]
ERR: Think\Controller:assgin方法不存在！

[ 2016-10-21T10:19:27+08:00 ] ::1 /izobs/index.php
INFO: [ app_init ] --START--
INFO: Run Behavior\BuildLiteBehavior [ RunTime:0.000063s ]
INFO: [ app_init ] --END-- [ RunTime:0.001316s ]
INFO: [ app_begin ] --START--
INFO: Run Behavior\ReadHtmlCacheBehavior [ RunTime:0.002572s ]
INFO: [ app_begin ] --END-- [ RunTime:0.002873s ]
NOTIC: [8] Undefined variable: date D:\phpStudy\WWW\izobs\App\Home\Controller\IndexController.class.php 第 12 行.
ERR: Think\Controller:assgin方法不存在！

[ 2016-10-21T10:25:14+08:00 ] ::1 /izobs/index.php
INFO: [ app_init ] --START--
INFO: Run Behavior\BuildLiteBehavior [ RunTime:0.000073s ]
INFO: [ app_init ] --END-- [ RunTime:0.001890s ]
INFO: [ app_begin ] --START--
INFO: Run Behavior\ReadHtmlCacheBehavior [ RunTime:0.002260s ]
INFO: [ app_begin ] --END-- [ RunTime:0.002539s ]
INFO: [ view_parse ] --START--
INFO: [ template_filter ] --START--
INFO: Run Behavior\ContentReplaceBehavior [ RunTime:0.000144s ]
INFO: [ template_filter ] --END-- [ RunTime:0.000406s ]
NOTIC: [8] Undefined variable: name D:\phpStudy\WWW\izobs\App\Runtime\Cache\Home\ee777923371ecb84bb8ebadeae5bdb9d.php 第 9 行.
NOTIC: [8] Undefined variable: sex D:\phpStudy\WWW\izobs\App\Runtime\Cache\Home\ee777923371ecb84bb8ebadeae5bdb9d.php 第 9 行.
NOTIC: [8] Undefined index: name] D:\phpStudy\WWW\izobs\App\Runtime\Cache\Home\ee777923371ecb84bb8ebadeae5bdb9d.php 第 11 行.
INFO: Run Behavior\ParseTemplateBehavior [ RunTime:0.073549s ]
INFO: [ view_parse ] --END-- [ RunTime:0.073825s ]
INFO: [ view_filter ] --START--
INFO: Run Behavior\WriteHtmlCacheBehavior [ RunTime:0.001315s ]
INFO: [ view_filter ] --END-- [ RunTime:0.001550s ]
INFO: [ app_end ] --START--
INFO: Run Behavior\ShowPageTraceBehavior [ RunTime:0.002309s ]
INFO: [ app_end ] --END-- [ RunTime:0.002564s ]

[ 2016-10-21T10:25:44+08:00 ] ::1 /izobs/index.php
INFO: [ app_init ] --START--
INFO: Run Behavior\BuildLiteBehavior [ RunTime:0.000104s ]
INFO: [ app_init ] --END-- [ RunTime:0.002611s ]
INFO: [ app_begin ] --START--
INFO: Run Behavior\ReadHtmlCacheBehavior [ RunTime:0.002164s ]
INFO: [ app_begin ] --END-- [ RunTime:0.002449s ]
INFO: [ view_parse ] --START--
INFO: [ template_filter ] --START--
INFO: Run Behavior\ContentReplaceBehavior [ RunTime:0.000158s ]
INFO: [ template_filter ] --END-- [ RunTime:0.000448s ]
NOTIC: [8] Undefined variable: name D:\phpStudy\WWW\izobs\App\Runtime\Cache\Home\ee777923371ecb84bb8ebadeae5bdb9d.php 第 9 行.
NOTIC: [8] Undefined variable: sex D:\phpStudy\WWW\izobs\App\Runtime\Cache\Home\ee777923371ecb84bb8ebadeae5bdb9d.php 第 9 行.
INFO: Run Behavior\ParseTemplateBehavior [ RunTime:0.067557s ]
INFO: [ view_parse ] --END-- [ RunTime:0.067827s ]
INFO: [ view_filter ] --START--
INFO: Run Behavior\WriteHtmlCacheBehavior [ RunTime:0.001774s ]
INFO: [ view_filter ] --END-- [ RunTime:0.002027s ]
INFO: [ app_end ] --START--
INFO: Run Behavior\ShowPageTraceBehavior [ RunTime:0.002568s ]
INFO: [ app_end ] --END-- [ RunTime:0.002862s ]

[ 2016-10-21T10:26:35+08:00 ] ::1 /izobs/index.php
INFO: [ app_init ] --START--
INFO: Run Behavior\BuildLiteBehavior [ RunTime:0.000156s ]
INFO: [ app_init ] --END-- [ RunTime:0.002068s ]
INFO: [ app_begin ] --START--
INFO: Run Behavior\ReadHtmlCacheBehavior [ RunTime:0.001765s ]
INFO: [ app_begin ] --END-- [ RunTime:0.002050s ]
INFO: [ view_parse ] --START--
INFO: [ template_filter ] --START--
INFO: Run Behavior\ContentReplaceBehavior [ RunTime:0.000163s ]
INFO: [ template_filter ] --END-- [ RunTime:0.000460s ]

[ 2016-10-21T10:26:44+08:00 ] ::1 /izobs/index.php
INFO: [ app_init ] --START--
INFO: Run Behavior\BuildLiteBehavior [ RunTime:0.000071s ]
INFO: [ app_init ] --END-- [ RunTime:0.001429s ]
INFO: [ app_begin ] --START--
INFO: Run Behavior\ReadHtmlCacheBehavior [ RunTime:0.001831s ]
INFO: [ app_begin ] --END-- [ RunTime:0.002105s ]
INFO: [ view_parse ] --START--
INFO: [ template_filter ] --START--
INFO: Run Behavior\ContentReplaceBehavior [ RunTime:0.000139s ]
INFO: [ template_filter ] --END-- [ RunTime:0.000388s ]
NOTIC: [8] Undefined variable: name D:\phpStudy\WWW\izobs\App\Runtime\Cache\Home\ee777923371ecb84bb8ebadeae5bdb9d.php 第 9 行.
NOTIC: [8] Undefined variable: sex D:\phpStudy\WWW\izobs\App\Runtime\Cache\Home\ee777923371ecb84bb8ebadeae5bdb9d.php 第 9 行.
INFO: Run Behavior\ParseTemplateBehavior [ RunTime:0.079551s ]
INFO: [ view_parse ] --END-- [ RunTime:0.079810s ]
INFO: [ view_filter ] --START--
INFO: Run Behavior\WriteHtmlCacheBehavior [ RunTime:0.000895s ]
INFO: [ view_filter ] --END-- [ RunTime:0.001117s ]
INFO: [ app_end ] --START--
INFO: Run Behavior\ShowPageTraceBehavior [ RunTime:0.001723s ]
INFO: [ app_end ] --END-- [ RunTime:0.001965s ]

[ 2016-10-21T10:30:03+08:00 ] ::1 /izobs/index.php
INFO: [ app_init ] --START--
INFO: Run Behavior\BuildLiteBehavior [ RunTime:0.000072s ]
INFO: [ app_init ] --END-- [ RunTime:0.001608s ]
INFO: [ app_begin ] --START--
INFO: Run Behavior\ReadHtmlCacheBehavior [ RunTime:0.002351s ]
INFO: [ app_begin ] --END-- [ RunTime:0.002652s ]
INFO: [ view_parse ] --START--
INFO: [ template_filter ] --START--
INFO: Run Behavior\ContentReplaceBehavior [ RunTime:0.000140s ]
INFO: [ template_filter ] --END-- [ RunTime:0.000387s ]
NOTIC: [8] Undefined variable: name D:\phpStudy\WWW\izobs\App\Runtime\Cache\Home\ee777923371ecb84bb8ebadeae5bdb9d.php 第 9 行.
NOTIC: [8] Undefined variable: sex D:\phpStudy\WWW\izobs\App\Runtime\Cache\Home\ee777923371ecb84bb8ebadeae5bdb9d.php 第 9 行.
INFO: Run Behavior\ParseTemplateBehavior [ RunTime:0.081744s ]
INFO: [ view_parse ] --END-- [ RunTime:0.081996s ]
INFO: [ view_filter ] --START--
INFO: Run Behavior\WriteHtmlCacheBehavior [ RunTime:0.001246s ]
INFO: [ view_filter ] --END-- [ RunTime:0.001519s ]
INFO: [ app_end ] --START--
INFO: Run Behavior\ShowPageTraceBehavior [ RunTime:0.002455s ]
INFO: [ app_end ] --END-- [ RunTime:0.002729s ]

[ 2016-10-21T10:30:27+08:00 ] ::1 /izobs/index.php
INFO: [ app_init ] --START--
INFO: Run Behavior\BuildLiteBehavior [ RunTime:0.000168s ]
INFO: [ app_init ] --END-- [ RunTime:0.001764s ]
INFO: [ app_begin ] --START--
INFO: Run Behavior\ReadHtmlCacheBehavior [ RunTime:0.002135s ]
INFO: [ app_begin ] --END-- [ RunTime:0.002409s ]
INFO: [ view_parse ] --START--
INFO: [ template_filter ] --START--
INFO: Run Behavior\ContentReplaceBehavior [ RunTime:0.000144s ]
INFO: [ template_filter ] --END-- [ RunTime:0.000422s ]
NOTIC: [8] Undefined variable: name D:\phpStudy\WWW\izobs\App\Runtime\Cache\Home\ee777923371ecb84bb8ebadeae5bdb9d.php 第 9 行.
NOTIC: [8] Undefined variable: sex D:\phpStudy\WWW\izobs\App\Runtime\Cache\Home\ee777923371ecb84bb8ebadeae5bdb9d.php 第 9 行.
INFO: Run Behavior\ParseTemplateBehavior [ RunTime:0.089403s ]
INFO: [ view_parse ] --END-- [ RunTime:0.089757s ]
INFO: [ view_filter ] --START--
INFO: Run Behavior\WriteHtmlCacheBehavior [ RunTime:0.001376s ]
INFO: [ view_filter ] --END-- [ RunTime:0.001620s ]
INFO: [ app_end ] --START--
INFO: Run Behavior\ShowPageTraceBehavior [ RunTime:0.002135s ]
INFO: [ app_end ] --END-- [ RunTime:0.002388s ]

[ 2016-10-21T11:19:27+08:00 ] ::1 /izobs/index.php
INFO: [ app_init ] --START--
INFO: Run Behavior\BuildLiteBehavior [ RunTime:0.000067s ]
INFO: [ app_init ] --END-- [ RunTime:0.001563s ]
INFO: [ app_begin ] --START--
INFO: Run Behavior\ReadHtmlCacheBehavior [ RunTime:0.002405s ]
INFO: [ app_begin ] --END-- [ RunTime:0.002706s ]
INFO: [ view_parse ] --START--
INFO: [ template_filter ] --START--
INFO: Run Behavior\ContentReplaceBehavior [ RunTime:0.000159s ]
INFO: [ template_filter ] --END-- [ RunTime:0.000440s ]
NOTIC: [8] Undefined variable: name D:\phpStudy\WWW\izobs\App\Runtime\Cache\Home\ee777923371ecb84bb8ebadeae5bdb9d.php 第 9 行.
NOTIC: [8] Undefined variable: sex D:\phpStudy\WWW\izobs\App\Runtime\Cache\Home\ee777923371ecb84bb8ebadeae5bdb9d.php 第 9 行.
NOTIC: [8] Undefined variable: person D:\phpStudy\WWW\izobs\App\Runtime\Cache\Home\ee777923371ecb84bb8ebadeae5bdb9d.php 第 17 行.
INFO: Run Behavior\ParseTemplateBehavior [ RunTime:0.158001s ]
INFO: [ view_parse ] --END-- [ RunTime:0.158297s ]
INFO: [ view_filter ] --START--
INFO: Run Behavior\WriteHtmlCacheBehavior [ RunTime:0.003740s ]
INFO: [ view_filter ] --END-- [ RunTime:0.004016s ]
INFO: [ app_end ] --START--
INFO: Run Behavior\ShowPageTraceBehavior [ RunTime:0.002417s ]
INFO: [ app_end ] --END-- [ RunTime:0.002730s ]

[ 2016-10-21T11:19:31+08:00 ] ::1 /izobs/index.php
INFO: [ app_init ] --START--
INFO: Run Behavior\BuildLiteBehavior [ RunTime:0.000075s ]
INFO: [ app_init ] --END-- [ RunTime:0.001356s ]
INFO: [ app_begin ] --START--
INFO: Run Behavior\ReadHtmlCacheBehavior [ RunTime:0.002214s ]
INFO: [ app_begin ] --END-- [ RunTime:0.002511s ]
INFO: [ view_parse ] --START--
INFO: [ template_filter ] --START--
INFO: Run Behavior\ContentReplaceBehavior [ RunTime:0.000156s ]
INFO: [ template_filter ] --END-- [ RunTime:0.000409s ]
NOTIC: [8] Undefined variable: name D:\phpStudy\WWW\izobs\App\Runtime\Cache\Home\ee777923371ecb84bb8ebadeae5bdb9d.php 第 9 行.
NOTIC: [8] Undefined variable: sex D:\phpStudy\WWW\izobs\App\Runtime\Cache\Home\ee777923371ecb84bb8ebadeae5bdb9d.php 第 9 行.
NOTIC: [8] Undefined variable: person D:\phpStudy\WWW\izobs\App\Runtime\Cache\Home\ee777923371ecb84bb8ebadeae5bdb9d.php 第 17 行.
INFO: Run Behavior\ParseTemplateBehavior [ RunTime:0.061023s ]
INFO: [ view_parse ] --END-- [ RunTime:0.061319s ]
INFO: [ view_filter ] --START--
INFO: Run Behavior\WriteHtmlCacheBehavior [ RunTime:0.001491s ]
INFO: [ view_filter ] --END-- [ RunTime:0.001785s ]
INFO: [ app_end ] --START--
INFO: Run Behavior\ShowPageTraceBehavior [ RunTime:0.002388s ]
INFO: [ app_end ] --END-- [ RunTime:0.002666s ]

[ 2016-10-21T11:19:57+08:00 ] ::1 /izobs/index.php
INFO: [ app_init ] --START--
INFO: Run Behavior\BuildLiteBehavior [ RunTime:0.000077s ]
INFO: [ app_init ] --END-- [ RunTime:0.002184s ]
INFO: [ app_begin ] --START--
INFO: Run Behavior\ReadHtmlCacheBehavior [ RunTime:0.002135s ]
INFO: [ app_begin ] --END-- [ RunTime:0.002412s ]
INFO: [ view_parse ] --START--
INFO: [ template_filter ] --START--
INFO: Run Behavior\ContentReplaceBehavior [ RunTime:0.000154s ]
INFO: [ template_filter ] --END-- [ RunTime:0.000427s ]
NOTIC: [8] Undefined variable: name D:\phpStudy\WWW\izobs\App\Runtime\Cache\Home\ee777923371ecb84bb8ebadeae5bdb9d.php 第 9 行.
NOTIC: [8] Undefined variable: sex D:\phpStudy\WWW\izobs\App\Runtime\Cache\Home\ee777923371ecb84bb8ebadeae5bdb9d.php 第 9 行.
NOTIC: [8] Undefined variable: person D:\phpStudy\WWW\izobs\App\Runtime\Cache\Home\ee777923371ecb84bb8ebadeae5bdb9d.php 第 17 行.
INFO: Run Behavior\ParseTemplateBehavior [ RunTime:0.163336s ]
INFO: [ view_parse ] --END-- [ RunTime:0.163607s ]
INFO: [ view_filter ] --START--
INFO: Run Behavior\WriteHtmlCacheBehavior [ RunTime:0.001648s ]
INFO: [ view_filter ] --END-- [ RunTime:0.001914s ]
INFO: [ app_end ] --START--
INFO: Run Behavior\ShowPageTraceBehavior [ RunTime:0.003239s ]
INFO: [ app_end ] --END-- [ RunTime:0.003525s ]

[ 2016-10-21T11:32:25+08:00 ] ::1 /izobs/index.php
INFO: [ app_init ] --START--
INFO: Run Behavior\BuildLiteBehavior [ RunTime:0.000119s ]
INFO: [ app_init ] --END-- [ RunTime:0.079049s ]
INFO: [ app_begin ] --START--
INFO: Run Behavior\ReadHtmlCacheBehavior [ RunTime:0.045880s ]
INFO: [ app_begin ] --END-- [ RunTime:0.046171s ]
INFO: [ view_parse ] --START--
INFO: [ template_filter ] --START--
INFO: Run Behavior\ContentReplaceBehavior [ RunTime:0.000171s ]
INFO: [ template_filter ] --END-- [ RunTime:0.000510s ]
NOTIC: [8] Undefined variable: name D:\phpStudy\WWW\izobs\App\Runtime\Cache\Home\ee777923371ecb84bb8ebadeae5bdb9d.php 第 9 行.
NOTIC: [8] Undefined variable: sex D:\phpStudy\WWW\izobs\App\Runtime\Cache\Home\ee777923371ecb84bb8ebadeae5bdb9d.php 第 9 行.
INFO: Run Behavior\ParseTemplateBehavior [ RunTime:1.878241s ]
INFO: [ view_parse ] --END-- [ RunTime:1.878605s ]
INFO: [ view_filter ] --START--
INFO: Run Behavior\WriteHtmlCacheBehavior [ RunTime:0.041279s ]
INFO: [ view_filter ] --END-- [ RunTime:0.041631s ]
INFO: [ app_end ] --START--
INFO: Run Behavior\ShowPageTraceBehavior [ RunTime:0.028972s ]
INFO: [ app_end ] --END-- [ RunTime:0.029321s ]

